Xlib: ignoring invalid extension event 161
Xlib: ignoring invalid extension event 161
Xlib: ignoring invalid extension event 161
Xlib: ignoring invalid extension event 161
Xlib: ignoring invalid extension event 146
Xlib: ignoring invalid extension event 146
Xlib: ignoring invalid extension event 161
Xlib: ignoring invalid extension event 161
Xlib: ignoring invalid extension event 146
Xlib: ignoring invalid extension event 146
Xlib: ignoring invalid extension event 161
Xlib: ignoring invalid extension event 161
Xlib: ignoring invalid extension event 161
Xlib: ignoring invalid extension event 161
Xlib: ignoring invalid extension event 161
Xlib: ignoring invalid extension event 161
Xlib: ignoring invalid extension event 161
Xlib: ignoring invalid extension event 161
Xlib: ignoring invalid extension event 161
Xlib: ignoring invalid extension event 161
Xlib: ignoring invalid extension event 146
Xlib: ignoring invalid extension event 146
Xlib: ignoring invalid extension event 161
Xlib: ignoring invalid extension event 161
Xlib: ignoring invalid extension event 161
Xlib: ignoring invalid extension event 161
Xlib: ignoring invalid extension event 161
Xlib: ignoring invalid extension event 161
Xlib: ignoring invalid extension event 161
Xlib: ignoring invalid extension event 161
Xlib: ignoring invalid extension event 161
Xlib: ignoring invalid extension event 161
Xlib: ignoring invalid extension event 161
Xlib: ignoring invalid extension event 161
Xlib: ignoring invalid extension event 161
Xlib: ignoring invalid extension event 161
Xlib: ignoring invalid extension event 161
Xlib: ignoring invalid extension event 161
Xlib: ignoring invalid extension event 161
Xlib: ignoring invalid extension event 161
Xlib: ignoring invalid extension event 161
Xlib: ignoring invalid extension event 161
Xlib: ignoring invalid extension event 161
Xlib: ignoring invalid extension event 161
Xlib: ignoring invalid extension event 161
Xlib: ignoring invalid extension event 161
Xlib: ignoring invalid extension event 161
Xlib: ignoring invalid extension event 161
Xlib: ignoring invalid extension event 161
Xlib: ignoring invalid extension event 161
Xlib: ignoring invalid extension event 146
Xlib: ignoring invalid extension event 146
Xlib: ignoring invalid extension event 146
Xlib: ignoring invalid extension event 146
Xlib: ignoring invalid extension event 161
Xlib: ignoring invalid extension event 161
Xlib: ignoring invalid extension event 161
Xlib: ignoring invalid extension event 161
Xlib: ignoring invalid extension event 146
Xlib: ignoring invalid extension event 146
Xlib: ignoring invalid extension event 161
Xlib: ignoring invalid extension event 161
Xlib: ignoring invalid extension event 146
Xlib: ignoring invalid extension event 146
Xlib: ignoring invalid extension event 161
Xlib: ignoring invalid extension event 161
Xlib: ignoring invalid extension event 146
Xlib: ignoring invalid extension event 146
Xlib: ignoring invalid extension event 146
Xlib: ignoring invalid extension event 146
Xlib: ignoring invalid extension event 161
Xlib: ignoring invalid extension event 161
Xlib: ignoring invalid extension event 161
Xlib: ignoring invalid extension event 161
Xlib: ignoring invalid extension event 161
Xlib: ignoring invalid extension event 161
Xlib: ignoring invalid extension event 161
Xlib: ignoring invalid extension event 161
Xlib: ignoring invalid extension event 161
Xlib: ignoring invalid extension event 161
Xlib: ignoring invalid extension event 161
Xlib: ignoring invalid extension event 161
Xlib: ignoring invalid extension event 161
Xlib: ignoring invalid extension event 161
Xlib: ignoring invalid extension event 161
Xlib: ignoring invalid extension event 161
Xlib: ignoring invalid extension event 161
Xlib: ignoring invalid extension event 161
Xlib: ignoring invalid extension event 161
Xlib: ignoring invalid extension event 161
Xlib: ignoring invalid extension event 161
Xlib: ignoring invalid extension event 161
Xlib: ignoring invalid extension event 161
Xlib: ignoring invalid extension event 161
Xlib: ignoring invalid extension event 161
Xlib: ignoring invalid extension event 161
Xlib: ignoring invalid extension event 161
Xlib: ignoring invalid extension event 161
Xlib: ignoring invalid extension event 161
Xlib: ignoring invalid extension event 161
Xlib: ignoring invalid extension event 161
Xlib: ignoring invalid extension event 161
Xlib: ignoring invalid extension event 161
Xlib: ignoring invalid extension event 161
Xlib: ignoring invalid extension event 161
Xlib: ignoring invalid extension event 161
Xlib: ignoring invalid extension event 161
Xlib: ignoring invalid extension event 161
Xlib: ignoring invalid extension event 161
Xlib: ignoring invalid extension event 161
Xlib: ignoring invalid extension event 161
Xlib: ignoring invalid extension event 161
Xlib: ignoring invalid extension event 161
Xlib: ignoring invalid extension event 161
Xlib: ignoring invalid extension event 161
Xlib: ignoring invalid extension event 161
Xlib: ignoring invalid extension event 161
Xlib: ignoring invalid extension event 161
Xlib: ignoring invalid extension event 161
Xlib: ignoring invalid extension event 161
Xlib: ignoring invalid extension event 161
Xlib: ignoring invalid extension event 161
Xlib: ignoring invalid extension event 161
Xlib: ignoring invalid extension event 161
Xlib: ignoring invalid extension event 161
Xlib: ignoring invalid extension event 161
Xlib: ignoring invalid extension event 161
Xlib: ignoring invalid extension event 161
Xlib: ignoring invalid extension event 161
Xlib: ignoring invalid extension event 161
Xlib: ignoring invalid extension event 161
Xlib: ignoring invalid extension event 161
Xlib: ignoring invalid extension event 161
Xlib: ignoring invalid extension event 161
Xlib: ignoring invalid extension event 161
Xlib: ignoring invalid extension event 161
Xlib: ignoring invalid extension event 161
Xlib: ignoring invalid extension event 161
Xlib: ignoring invalid extension event 161
Xlib: ignoring invalid extension event 161
Xlib: ignoring invalid extension event 161
Xlib: ignoring invalid extension event 161
Xlib: ignoring invalid extension event 161
Xlib: ignoring invalid extension event 161
Xlib: ignoring invalid extension event 161
Xlib: ignoring invalid extension event 161
Xlib: ignoring invalid extension event 161
Xlib: ignoring invalid extension event 161
Xlib: ignoring invalid extension event 161
Xlib: ignoring invalid extension event 161
Xlib: ignoring invalid extension event 161
Xlib: ignoring invalid extension event 161
Xlib: ignoring invalid extension event 161
Xlib: ignoring invalid extension event 161
Xlib: ignoring invalid extension event 146
Xlib: ignoring invalid extension event 146
Xlib: ignoring invalid extension event 161
Xlib: ignoring invalid extension event 161
Xlib: ignoring invalid extension event 161
Xlib: ignoring invalid extension event 161
Xlib: ignoring invalid extension event 161
Xlib: ignoring invalid extension event 161
Xlib: ignoring invalid extension event 161
Xlib: ignoring invalid extension event 161
Xlib: ignoring invalid extension event 146
Xlib: ignoring invalid extension event 146
Xlib: ignoring invalid extension event 161
Xlib: ignoring invalid extension event 161
Xlib: ignoring invalid extension event 161
Xlib: ignoring invalid extension event 161
Xlib: ignoring invalid extension event 161
Xlib: ignoring invalid extension event 161
Xlib: ignoring invalid extension event 161
Xlib: ignoring invalid extension event 161
Xlib: ignoring invalid extension event 146
Xlib: ignoring invalid extension event 146
Xlib: ignoring invalid extension event 146
Xlib: ignoring invalid extension event 146
Xlib: ignoring invalid extension event 161
Xlib: ignoring invalid extension event 161
Xlib: ignoring invalid extension event 161
Xlib: ignoring invalid extension event 161
Xlib: ignoring invalid extension event 161
Xlib: ignoring invalid extension event 161
Xlib: ignoring invalid extension event 161
Xlib: ignoring invalid extension event 161
Xlib: ignoring invalid extension event 161
Xlib: ignoring invalid extension event 161
Xlib: ignoring invalid extension event 161
Xlib: ignoring invalid extension event 161
Xlib: ignoring invalid extension event 146
Xlib: ignoring invalid extension event 146
Xlib: ignoring invalid extension event 161
Xlib: ignoring invalid extension event 161
Xlib: ignoring invalid extension event 161
Xlib: ignoring invalid extension event 161
Xlib: ignoring invalid extension event 146
Xlib: ignoring invalid extension event 146
Xlib: ignoring invalid extension event 146
Xlib: ignoring invalid extension event 146
Xlib: ignoring invalid extension event 161
Xlib: ignoring invalid extension event 161
Xlib: ignoring invalid extension event 146
Xlib: ignoring invalid extension event 146
Xlib: ignoring invalid extension event 146
Xlib: ignoring invalid extension event 146
Xlib: ignoring invalid extension event 146
Xlib: ignoring invalid extension event 146
Xlib: ignoring invalid extension event 146
Xlib: ignoring invalid extension event 146
Xlib: ignoring invalid extension event 146
Xlib: ignoring invalid extension event 146
Xlib: ignoring invalid extension event 146
Xlib: ignoring invalid extension event 146
Xlib: ignoring invalid extension event 146
Xlib: ignoring invalid extension event 146
Xlib: ignoring invalid extension event 146
Xlib: ignoring invalid extension event 146
Xlib: ignoring invalid extension event 146
Xlib: ignoring invalid extension event 146
Xlib: ignoring invalid extension event 146
Xlib: ignoring invalid extension event 146
Xlib: ignoring invalid extension event 146
Xlib: ignoring invalid extension event 146
Xlib: ignoring invalid extension event 146
Xlib: ignoring invalid extension event 146
Xlib: ignoring invalid extension event 146
Xlib: ignoring invalid extension event 146
Xlib: ignoring invalid extension event 146
Xlib: ignoring invalid extension event 146
Xlib: ignoring invalid extension event 161
Xlib: ignoring invalid extension event 161
Xlib: ignoring invalid extension event 161
Xlib: ignoring invalid extension event 161
[ 11/25/2024 18:14:12.753 _gl_fill ERROR ] GLX error at line 697: GL_INVALID_FRAMEBUFFER_OPERATION
Xlib: ignoring invalid extension event 146
Xlib: ignoring invalid extension event 146
Xlib: ignoring invalid extension event 161
Xlib: ignoring invalid extension event 161
[ 11/25/2024 18:14:52.663 _gl_fill ERROR ] GLX error at line 697: GL_INVALID_FRAMEBUFFER_OPERATION
Xlib: ignoring invalid extension event 146
Xlib: ignoring invalid extension event 146
Xlib: ignoring invalid extension event 161
Xlib: ignoring invalid extension event 161
Xlib: ignoring invalid extension event 161
Xlib: ignoring invalid extension event 161
[ 11/25/2024 18:18:33.417 _gl_fill ERROR ] GLX error at line 697: GL_INVALID_FRAMEBUFFER_OPERATION
Xlib: ignoring invalid extension event 146
Xlib: ignoring invalid extension event 146
Xlib: ignoring invalid extension event 161
Xlib: ignoring invalid extension event 161
Xlib: ignoring invalid extension event 161
Xlib: ignoring invalid extension event 161
Xlib: ignoring invalid extension event 161
Xlib: ignoring invalid extension event 161
Xlib: ignoring invalid extension event 161
Xlib: ignoring invalid extension event 161
Xlib: ignoring invalid extension event 161
Xlib: ignoring invalid extension event 161
Xlib: ignoring invalid extension event 161
Xlib: ignoring invalid extension event 161
Xlib: ignoring invalid extension event 146
Xlib: ignoring invalid extension event 146
Xlib: ignoring invalid extension event 161
Xlib: ignoring invalid extension event 161
Xlib: ignoring invalid extension event 146
Xlib: ignoring invalid extension event 146
Xlib: ignoring invalid extension event 161
Xlib: ignoring invalid extension event 161
Xlib: ignoring invalid extension event 161
Xlib: ignoring invalid extension event 161
Xlib: ignoring invalid extension event 146
Xlib: ignoring invalid extension event 146
Xlib: ignoring invalid extension event 161
Xlib: ignoring invalid extension event 161
Xlib: ignoring invalid extension event 146
Xlib: ignoring invalid extension event 146
Xlib: ignoring invalid extension event 161
Xlib: ignoring invalid extension event 161
Xlib: ignoring invalid extension event 146
Xlib: ignoring invalid extension event 146
Xlib: ignoring invalid extension event 161
Xlib: ignoring invalid extension event 161
Xlib: ignoring invalid extension event 161
Xlib: ignoring invalid extension event 161
[ 11/25/2024 18:24:16.917 _gl_fill ERROR ] GLX error at line 697: GL_INVALID_FRAMEBUFFER_OPERATION
Xlib: ignoring invalid extension event 161
Xlib: ignoring invalid extension event 161
Xlib: ignoring invalid extension event 146
Xlib: ignoring invalid extension event 146
Xlib: ignoring invalid extension event 146
Xlib: ignoring invalid extension event 146
Xlib: ignoring invalid extension event 161
Xlib: ignoring invalid extension event 161
Xlib: ignoring invalid extension event 146
Xlib: ignoring invalid extension event 146
Xlib: ignoring invalid extension event 161
Xlib: ignoring invalid extension event 161
Xlib: ignoring invalid extension event 146
Xlib: ignoring invalid extension event 146
Xlib: ignoring invalid extension event 161
Xlib: ignoring invalid extension event 161
Xlib: ignoring invalid extension event 161
Xlib: ignoring invalid extension event 161
Xlib: ignoring invalid extension event 146
Xlib: ignoring invalid extension event 146
Xlib: ignoring invalid extension event 161
Xlib: ignoring invalid extension event 161
Xlib: ignoring invalid extension event 146
Xlib: ignoring invalid extension event 146
Xlib: ignoring invalid extension event 146
Xlib: ignoring invalid extension event 146
Xlib: ignoring invalid extension event 161
Xlib: ignoring invalid extension event 161
Xlib: ignoring invalid extension event 161
Xlib: ignoring invalid extension event 161
XIO:  fatal IO error 11 (Resource temporarily unavailable) on X server ":1"
      after 12272812 requests (12262967 known processed) with 0 events remaining.
[ 02/07/2025 08:20:12.366 parse_config_libconfig WARN ] The refresh-rate option has been deprecated. Please remove it from your configuration file. If you encounter any problems without this feature, please feel free to open a bug report
[ 02/07/2025 08:20:12.373 c2_parse_target WARN ] Type specifier is deprecated. Type "c" specified on target "_GTK_FRAME_EXTENTS" will be ignored, you can remove it.
[ 02/07/2025 08:20:12.373 c2_parse_target WARN ] Type specifier is deprecated. Type "c" specified on target "_GTK_FRAME_EXTENTS" will be ignored, you can remove it.
[ 02/07/2025 08:21:17.442 parse_config_libconfig WARN ] The refresh-rate option has been deprecated. Please remove it from your configuration file. If you encounter any problems without this feature, please feel free to open a bug report
[ 02/07/2025 08:21:17.442 c2_parse_target WARN ] Type specifier is deprecated. Type "c" specified on target "_GTK_FRAME_EXTENTS" will be ignored, you can remove it.
[ 02/07/2025 08:21:17.442 c2_parse_target WARN ] Type specifier is deprecated. Type "c" specified on target "_GTK_FRAME_EXTENTS" will be ignored, you can remove it.
[ 02/07/2025 08:21:17.445 session_init FATAL ERROR ] Another composite manager is already running
[ 02/07/2025 08:21:17.445 main FATAL ERROR ] Failed to create new session.
[ 02/07/2025 08:21:21.178 parse_config_libconfig WARN ] The refresh-rate option has been deprecated. Please remove it from your configuration file. If you encounter any problems without this feature, please feel free to open a bug report
[ 02/07/2025 08:21:21.178 c2_parse_target WARN ] Type specifier is deprecated. Type "c" specified on target "_GTK_FRAME_EXTENTS" will be ignored, you can remove it.
[ 02/07/2025 08:21:21.178 c2_parse_target WARN ] Type specifier is deprecated. Type "c" specified on target "_GTK_FRAME_EXTENTS" will be ignored, you can remove it.
[ 02/07/2025 08:22:32.215 parse_config_libconfig WARN ] The refresh-rate option has been deprecated. Please remove it from your configuration file. If you encounter any problems without this feature, please feel free to open a bug report
[ 02/07/2025 08:22:32.215 c2_parse_target WARN ] Type specifier is deprecated. Type "c" specified on target "_GTK_FRAME_EXTENTS" will be ignored, you can remove it.
[ 02/07/2025 08:22:32.215 c2_parse_target WARN ] Type specifier is deprecated. Type "c" specified on target "_GTK_FRAME_EXTENTS" will be ignored, you can remove it.
[ 02/07/2025 08:22:56.410 parse_config_libconfig WARN ] The refresh-rate option has been deprecated. Please remove it from your configuration file. If you encounter any problems without this feature, please feel free to open a bug report
[ 02/07/2025 08:22:56.410 c2_parse_target WARN ] Type specifier is deprecated. Type "c" specified on target "_GTK_FRAME_EXTENTS" will be ignored, you can remove it.
[ 02/07/2025 08:22:56.410 c2_parse_target WARN ] Type specifier is deprecated. Type "c" specified on target "_GTK_FRAME_EXTENTS" will be ignored, you can remove it.
X connection to :0 broken (explicit kill or server shutdown).
